Nov 12 01:16 : exception: Failed to open '/home/sam/.config/mpd/mpdstate': No such file or directory
Nov 12 01:16 : config: option 'mixer_device' on line 49 was not recognized
Nov 12 01:16 : config: option 'mixer_control' on line 50 was not recognized
Nov 12 01:22 : config: option 'mixer_device' on line 49 was not recognized
Nov 12 01:22 : config: option 'mixer_control' on line 50 was not recognized
Nov 12 01:25 : config: option 'mixer_device' on line 49 was not recognized
Nov 12 01:25 : config: option 'mixer_control' on line 50 was not recognized
Nov 12 01:40 : mixer: Failed to read mixer for 'default detected output': no such mixer control: PCM
Nov 12 01:41 : mixer: Failed to read mixer for 'default detected output': no such mixer control: PCM
Nov 12 01:43 : update: added /pekingOpera《亡蜀鉴》选段李佩红-程派专辑.mp3
Nov 12 01:53 : config: option 'mixer_device' on line 224 was not recognized
Nov 12 01:53 : config: option 'mixer_control' on line 225 was not recognized
Nov 12 01:55 : config: option 'mixer_device' on line 224 was not recognized
Nov 12 01:55 : config: option 'mixer_control' on line 225 was not recognized
Nov 12 01:56 : config: option 'mixer_device' on line 224 was not recognized
Nov 12 01:56 : config: option 'mixer_control' on line 225 was not recognized
Nov 12 01:56 : player: played "pekingOpera《亡蜀鉴》选段李佩红-程派专辑.mp3"
Nov 12 01:57 : player: played "pekingOpera《亡蜀鉴》选段李佩红-程派专辑.mp3"
Nov 12 01:58 : player: played "pekingOpera《亡蜀鉴》选段李佩红-程派专辑.mp3"
Nov 12 01:59 : config: option 'mixer_device' on line 224 was not recognized
Nov 12 01:59 : config: option 'mixer_control' on line 225 was not recognized
Nov 12 02:00 : player: played "pekingOpera《亡蜀鉴》选段李佩红-程派专辑.mp3"
Nov 12 02:00 : player: played "pekingOpera《亡蜀鉴》选段李佩红-程派专辑.mp3"
Nov 12 02:00 : player: played "pekingOpera《亡蜀鉴》选段李佩红-程派专辑.mp3"
Nov 12 02:00 : config: option 'mixer_device' on line 224 was not recognized
Nov 12 02:00 : config: option 'mixer_control' on line 225 was not recognized
Nov 12 02:01 : player: played "pekingOpera《亡蜀鉴》选段李佩红-程派专辑.mp3"
Nov 12 02:01 : player: played "pekingOpera《亡蜀鉴》选段李佩红-程派专辑.mp3"
Nov 12 02:03 : player: played "pekingOpera《亡蜀鉴》选段李佩红-程派专辑.mp3"
Nov 12 02:05 : player: played "pekingOpera《亡蜀鉴》选段李佩红-程派专辑.mp3"
Nov 12 02:08 : player: played "pekingOpera《亡蜀鉴》选段李佩红-程派专辑.mp3"
Nov 12 02:08 : player: played "pekingOpera《亡蜀鉴》选段李佩红-程派专辑.mp3"
Nov 12 02:09 : config: option 'mixer_device' on line 224 was not recognized
Nov 12 02:09 : config: option 'mixer_control' on line 225 was not recognized
Nov 12 02:10 : player: played "pekingOpera《亡蜀鉴》选段李佩红-程派专辑.mp3"
Nov 12 02:13 : player: played "pekingOpera《亡蜀鉴》选段李佩红-程派专辑.mp3"
Nov 12 02:15 : player: played "pekingOpera《亡蜀鉴》选段李佩红-程派专辑.mp3"
Nov 12 02:17 : player: played "pekingOpera《亡蜀鉴》选段李佩红-程派专辑.mp3"
Nov 12 02:18 : player: played "pekingOpera《亡蜀鉴》选段李佩红-程派专辑.mp3"
Nov 12 02:18 : player: played "pekingOpera《亡蜀鉴》选段李佩红-程派专辑.mp3"
Nov 12 02:18 : player: played "pekingOpera《亡蜀鉴》选段李佩红-程派专辑.mp3"
Nov 12 02:18 : player: played "pekingOpera《亡蜀鉴》选段李佩红-程派专辑.mp3"
Nov 12 02:18 : player: played "pekingOpera《亡蜀鉴》选段李佩红-程派专辑.mp3"
Nov 12 02:18 : player: played "pekingOpera《亡蜀鉴》选段李佩红-程派专辑.mp3"
Nov 12 02:19 : player: played "pekingOpera《亡蜀鉴》选段李佩红-程派专辑.mp3"
Nov 12 02:21 : player: played "pekingOpera《亡蜀鉴》选段李佩红-程派专辑.mp3"
Nov 12 02:21 : player: played "pekingOpera《亡蜀鉴》选段李佩红-程派专辑.mp3"
Nov 12 02:21 : player: played "pekingOpera《亡蜀鉴》选段李佩红-程派专辑.mp3"
Nov 12 02:21 : player: played "pekingOpera《亡蜀鉴》选段李佩红-程派专辑.mp3"
Nov 12 02:24 : player: played "pekingOpera《亡蜀鉴》选段李佩红-程派专辑.mp3"
Nov 12 02:51 : player: played "pekingOpera《亡蜀鉴》选段李佩红-程派专辑.mp3"
Nov 12 02:53 : player: played "pekingOpera《亡蜀鉴》选段李佩红-程派专辑.mp3"
Nov 12 02:56 : player: played "pekingOpera《亡蜀鉴》选段李佩红-程派专辑.mp3"
Nov 12 02:58 : player: played "pekingOpera《亡蜀鉴》选段李佩红-程派专辑.mp3"
Nov 12 03:00 : player: played "pekingOpera《亡蜀鉴》选段李佩红-程派专辑.mp3"
Nov 12 03:02 : player: played "pekingOpera《亡蜀鉴》选段李佩红-程派专辑.mp3"
Nov 12 03:05 : player: played "pekingOpera《亡蜀鉴》选段李佩红-程派专辑.mp3"
Nov 12 03:07 : player: played "pekingOpera《亡蜀鉴》选段李佩红-程派专辑.mp3"
Nov 12 03:09 : player: played "pekingOpera《亡蜀鉴》选段李佩红-程派专辑.mp3"
Nov 12 03:11 : player: played "pekingOpera《亡蜀鉴》选段李佩红-程派专辑.mp3"
Nov 12 03:23 : player: played "pekingOpera《亡蜀鉴》选段李佩红-程派专辑.mp3"
Nov 12 03:26 : player: played "pekingOpera《亡蜀鉴》选段李佩红-程派专辑.mp3"
Nov 12 03:28 : player: played "pekingOpera《亡蜀鉴》选段李佩红-程派专辑.mp3"
Nov 12 03:30 : player: played "pekingOpera《亡蜀鉴》选段李佩红-程派专辑.mp3"
Nov 12 03:32 : player: played "pekingOpera《亡蜀鉴》选段李佩红-程派专辑.mp3"
Nov 12 03:35 : player: played "pekingOpera《亡蜀鉴》选段李佩红-程派专辑.mp3"
Nov 12 03:37 : player: played "pekingOpera《亡蜀鉴》选段李佩红-程派专辑.mp3"
Nov 12 03:43 : player: played "pekingOpera《亡蜀鉴》选段李佩红-程派专辑.mp3"
Nov 12 03:48 : player: played "pekingOpera《亡蜀鉴》选段李佩红-程派专辑.mp3"
Nov 12 03:51 : player: played "pekingOpera《亡蜀鉴》选段李佩红-程派专辑.mp3"
Nov 12 03:55 : player: played "pekingOpera《亡蜀鉴》选段李佩红-程派专辑.mp3"
Nov 12 03:59 : config: option 'mixer_device' on line 224 was not recognized
Nov 12 03:59 : config: option 'mixer_control' on line 225 was not recognized
Nov 12 03:59 : player: played "pekingOpera《亡蜀鉴》选段李佩红-程派专辑.mp3"
Nov 12 03:59 : config: option 'mixer_device' on line 224 was not recognized
Nov 12 03:59 : config: option 'mixer_control' on line 225 was not recognized
Nov 12 03:59 : player: played "pekingOpera《亡蜀鉴》选段李佩红-程派专辑.mp3"
Nov 12 04:01 : config: option 'mixer_device' on line 224 was not recognized
Nov 12 04:01 : config: option 'mixer_control' on line 225 was not recognized
Nov 12 04:01 : player: played "pekingOpera《亡蜀鉴》选段李佩红-程派专辑.mp3"
Nov 12 04:01 : player: played "pekingOpera《亡蜀鉴》选段李佩红-程派专辑.mp3"
Nov 12 04:02 : config: option 'mixer_device' on line 224 was not recognized
Nov 12 04:02 : config: option 'mixer_control' on line 225 was not recognized
Nov 12 04:02 : player: played "pekingOpera《亡蜀鉴》选段李佩红-程派专辑.mp3"
Nov 12 04:02 : config: option 'mixer_device' on line 224 was not recognized
Nov 12 04:02 : config: option 'mixer_control' on line 225 was not recognized
Nov 12 04:03 : player: played "pekingOpera《亡蜀鉴》选段李佩红-程派专辑.mp3"
Nov 12 04:03 : player: played "pekingOpera《亡蜀鉴》选段李佩红-程派专辑.mp3"
Nov 12 04:03 : player: played "pekingOpera《亡蜀鉴》选段李佩红-程派专辑.mp3"
Nov 12 04:05 : player: played "pekingOpera《亡蜀鉴》选段李佩红-程派专辑.mp3"
Nov 12 04:05 : config: option 'mixer_device' on line 224 was not recognized
Nov 12 04:05 : config: option 'mixer_control' on line 225 was not recognized
Nov 12 04:05 : player: played "pekingOpera《亡蜀鉴》选段李佩红-程派专辑.mp3"
Nov 12 04:07 : player: played "pekingOpera《亡蜀鉴》选段李佩红-程派专辑.mp3"
Nov 12 04:10 : player: played "pekingOpera《亡蜀鉴》选段李佩红-程派专辑.mp3"
Nov 12 04:11 : player: played "pekingOpera《亡蜀鉴》选段李佩红-程派专辑.mp3"
Nov 12 04:11 : player: played "pekingOpera《亡蜀鉴》选段李佩红-程派专辑.mp3"
Nov 12 04:11 : config: option 'mixer_device' on line 224 was not recognized
Nov 12 04:11 : config: option 'mixer_control' on line 225 was not recognized
Nov 12 04:13 : exception: No such directory
Nov 12 04:14 : player: played "pekingOpera《亡蜀鉴》选段李佩红-程派专辑.mp3"
Nov 12 04:14 : config: option 'mixer_device' on line 224 was not recognized
Nov 12 04:14 : config: option 'mixer_control' on line 225 was not recognized
Nov 12 04:15 : player: played "pekingOpera《亡蜀鉴》选段李佩红-程派专辑.mp3"
Nov 12 04:15 : exception: No such playlist
Nov 12 04:19 : exception: No such directory
Nov 12 04:19 : exception: No such directory
Nov 12 04:21 : exception: No such directory
Nov 12 04:23 : config: option 'mixer_device' on line 224 was not recognized
Nov 12 04:23 : config: option 'mixer_control' on line 225 was not recognized
Nov 12 04:24 : config: option 'mixer_device' on line 224 was not recognized
Nov 12 04:24 : config: option 'mixer_control' on line 225 was not recognized
Nov 12 04:25 : config: option 'mixer_device' on line 224 was not recognized
Nov 12 04:25 : config: option 'mixer_control' on line 225 was not recognized
Nov 12 04:26 : config: option 'mixer_device' on line 224 was not recognized
Nov 12 04:26 : config: option 'mixer_control' on line 225 was not recognized
Nov 12 04:27 : config: option 'mixer_device' on line 224 was not recognized
Nov 12 04:27 : config: option 'mixer_control' on line 225 was not recognized
Nov 12 04:28 : config: option 'mixer_device' on line 224 was not recognized
Nov 12 04:28 : config: option 'mixer_control' on line 225 was not recognized
Nov 12 04:33 : config: option 'mixer_device' on line 224 was not recognized
Nov 12 04:33 : config: option 'mixer_control' on line 225 was not recognized
Nov 12 04:34 : config: option 'mixer_device' on line 224 was not recognized
Nov 12 04:34 : config: option 'mixer_control' on line 225 was not recognized
Nov 12 04:50 : exception: No such directory
Nov 12 04:53 : exception: No such directory
Nov 12 04:54 : exception: No such directory
Nov 12 04:54 : player: played "pekingOpera《亡蜀鉴》选段李佩红-程派专辑.mp3"
Nov 12 04:57 : player: played "pekingOpera《亡蜀鉴》选段李佩红-程派专辑.mp3"
Nov 12 04:57 : update: added /闹朝扑犬 汪庆元.mp3
Nov 12 04:57 : update: added /operv上党梆子《杀妻》张爱珍李保平.mp3
Nov 12 04:57 : update: added /苏武牧羊-王玉磬.mp3
Nov 12 04:57 : update: added /《忠保国》左福成.mp3
Nov 12 04:57 : update: added /吕剧-观灯(0).mp3
Nov 12 04:58 : exception: No such playlist
Nov 12 04:58 : player: played "pekingOpera《亡蜀鉴》选段李佩红-程派专辑.mp3"
Nov 12 05:00 : player: played "pekingOpera《亡蜀鉴》选段李佩红-程派专辑.mp3"
Nov 12 05:03 : exception: Failed to decode /home/sam/Music/pekingOpera《亡蜀鉴》选段李佩红-程派专辑.mp3; Failed to open '/home/sam/Music/pekingOpera《亡蜀鉴》选段李佩红-程派专辑.mp3': No such file or directory
Nov 12 05:03 : player: played "pekingOpera《亡蜀鉴》选段李佩红-程派专辑.mp3"
Nov 12 05:03 : exception: Failed to decode /home/sam/Music/pekingOpera《亡蜀鉴》选段李佩红-程派专辑.mp3; Failed to open '/home/sam/Music/pekingOpera《亡蜀鉴》选段李佩红-程派专辑.mp3': No such file or directory
Nov 12 05:03 : player: played "pekingOpera《亡蜀鉴》选段李佩红-程派专辑.mp3"
Nov 12 05:03 : update: removing 闹朝扑犬 汪庆元.mp3
Nov 12 05:03 : update: removing 苏武牧羊-王玉磬.mp3
Nov 12 05:03 : update: removing 吕剧-观灯(0).mp3
Nov 12 05:03 : update: removing pekingOpera《亡蜀鉴》选段李佩红-程派专辑.mp3
Nov 12 05:03 : update: removing operv上党梆子《杀妻》张爱珍李保平.mp3
Nov 12 05:03 : update: removing 《忠保国》左福成.mp3
Nov 12 05:05 : update: added /闹朝扑犬 汪庆元.mp3
Nov 12 05:05 : update: added /pekingOpera《亡蜀鉴》选段李佩红-程派专辑.mp3
Nov 12 05:05 : update: added /operv上党梆子《杀妻》张爱珍李保平.mp3
Nov 12 05:05 : update: added /苏武牧羊-王玉磬.mp3
Nov 12 05:05 : update: added /《忠保国》左福成.mp3
Nov 12 05:05 : update: added /吕剧-观灯(0).mp3
Nov 12 05:06 : exception: Bad song index
Nov 12 05:06 : exception: No such directory
Nov 12 05:11 : player: played "苏武牧羊-王玉磬.mp3"
Nov 12 05:11 : player: played "苏武牧羊-王玉磬.mp3"
Nov 12 05:12 : player: played "《忠保国》左福成.mp3"
Nov 12 13:52 : player: played "闹朝扑犬 汪庆元.mp3"
Nov 12 13:54 : player: played "苏武牧羊-王玉磬.mp3"
Nov 12 13:55 : player: played "苏武牧羊-王玉磬.mp3"
Nov 12 14:10 : player: played "苏武牧羊-王玉磬.mp3"
Nov 12 14:20 : player: played "operv上党梆子《杀妻》张爱珍李保平.mp3"
Nov 12 14:20 : player: played "operv上党梆子《杀妻》张爱珍李保平.mp3"
Nov 12 14:20 : player: played "operv上党梆子《杀妻》张爱珍李保平.mp3"
Nov 12 14:20 : player: played "operv上党梆子《杀妻》张爱珍李保平.mp3"
Nov 12 14:20 : player: played "operv上党梆子《杀妻》张爱珍李保平.mp3"
Nov 12 14:20 : player: played "operv上党梆子《杀妻》张爱珍李保平.mp3"
Nov 12 14:20 : player: played "operv上党梆子《杀妻》张爱珍李保平.mp3"
Nov 12 14:20 : player: played "operv上党梆子《杀妻》张爱珍李保平.mp3"
Nov 12 14:20 : player: played "operv上党梆子《杀妻》张爱珍李保平.mp3"
Nov 12 14:20 : player: played "operv上党梆子《杀妻》张爱珍李保平.mp3"
Nov 12 14:20 : player: played "operv上党梆子《杀妻》张爱珍李保平.mp3"
Nov 12 14:20 : player: played "operv上党梆子《杀妻》张爱珍李保平.mp3"
Nov 12 14:21 : player: played "operv上党梆子《杀妻》张爱珍李保平.mp3"
Nov 12 14:21 : player: played "operv上党梆子《杀妻》张爱珍李保平.mp3"
Nov 12 14:21 : player: played "operv上党梆子《杀妻》张爱珍李保平.mp3"
Nov 12 14:21 : player: played "operv上党梆子《杀妻》张爱珍李保平.mp3"
Nov 12 14:21 : player: played "operv上党梆子《杀妻》张爱珍李保平.mp3"
Nov 12 14:21 : player: played "operv上党梆子《杀妻》张爱珍李保平.mp3"
Nov 12 14:22 : player: played "闹朝扑犬 汪庆元.mp3"
Nov 12 14:26 : player: played "苏武牧羊-王玉磬.mp3"
Nov 12 14:29 : player: played "吕剧-观灯(0).mp3"
Nov 12 14:43 : player: played "pekingOpera《亡蜀鉴》选段李佩红-程派专辑.mp3"
Nov 12 14:46 : player: played "吕剧-观灯(0).mp3"
Nov 12 21:21 : player: played "operv上党梆子《杀妻》张爱珍李保平.mp3"
Nov 13 09:45 : player: played "operv上党梆子《杀妻》张爱珍李保平.mp3"
Nov 13 09:45 : player: played "operv上党梆子《杀妻》张爱珍李保平.mp3"
Nov 13 13:36 : player: played "operv上党梆子《杀妻》张爱珍李保平.mp3"
Nov 13 21:14 : player: played "operv上党梆子《杀妻》张爱珍李保平.mp3"
Nov 13 21:15 : player: played "operv上党梆子《杀妻》张爱珍李保平.mp3"
Nov 14 08:04 : player: played "闹朝扑犬 汪庆元.mp3"
Nov 14 09:56 : player: played "苏武牧羊-王玉磬.mp3"
Nov 14 10:06 : player: played "operv上党梆子《杀妻》张爱珍李保平.mp3"
Nov 14 10:09 : player: played "pekingOpera《亡蜀鉴》选段李佩红-程派专辑.mp3"
Nov 14 10:12 : player: played "吕剧-观灯(0).mp3"
Nov 14 14:12 : player: played "吕剧-观灯(0).mp3"
Nov 14 14:12 : player: played "吕剧-观灯(0).mp3"
Nov 14 14:15 : player: played "吕剧-观灯(0).mp3"
Nov 14 14:24 : player: played "苏武牧羊-王玉磬.mp3"
Nov 14 14:26 : player: played "pekingOpera《亡蜀鉴》选段李佩红-程派专辑.mp3"
Nov 14 14:42 : player: played "《忠保国》左福成.mp3"
Nov 14 15:26 : player: played "《忠保国》左福成.mp3"
Nov 14 15:28 : player: played "pekingOpera《亡蜀鉴》选段李佩红-程派专辑.mp3"
Nov 14 15:32 : player: played "闹朝扑犬 汪庆元.mp3"
Nov 14 15:35 : player: played "闹朝扑犬 汪庆元.mp3"
Nov 14 15:37 : player: played "pekingOpera《亡蜀鉴》选段李佩红-程派专辑.mp3"
Nov 14 15:48 : player: played "operv上党梆子《杀妻》张爱珍李保平.mp3"
Nov 14 16:07 : player: played "《忠保国》左福成.mp3"
Nov 14 16:07 : alsa_output: Decoder is too slow; playing silence to avoid xrun
Nov 14 16:10 : player: played "吕剧-观灯(0).mp3"
Nov 14 16:14 : player: played "苏武牧羊-王玉磬.mp3"
Nov 14 16:14 : player: played "《忠保国》左福成.mp3"
Nov 14 16:14 : player: played "吕剧-观灯(0).mp3"
Nov 14 16:15 : player: played "闹朝扑犬 汪庆元.mp3"
Nov 14 16:15 : player: played "吕剧-观灯(0).mp3"
Nov 14 18:22 : player: played "《忠保国》左福成.mp3"
Nov 14 18:22 : player: played "《忠保国》左福成.mp3"
Nov 14 18:22 : player: played "《忠保国》左福成.mp3"
Nov 15 11:09 : player: played "《忠保国》左福成.mp3"
Nov 15 11:14 : player: played "《忠保国》左福成.mp3"
